0 info it worked if it ends with ok
1 verbose cli [ 'node', '/usr/local/bin/npm', 'install' ]
2 info using npm@1.4.28
3 info using node@v0.10.32
4 warn package.json myapp@1.0.0 No repository field.
5 warn package.json myapp@1.0.0 No README data
6 verbose readDependencies using package.json deps
7 verbose install where, deps [ '/Users/Patrick/Dev/P3/app',
7 verbose install   [ 'gulp',
7 verbose install     'gulp-sass',
7 verbose install     'gulp-concat',
7 verbose install     'gulp-minify-css',
7 verbose install     'gulp-rename',
7 verbose install     'express',
7 verbose install     'bower',
7 verbose install     'gulp-util',
7 verbose install     'shelljs' ] ]
8 info preinstall myapp@1.0.0
9 verbose readDependencies using package.json deps
10 verbose already installed skipping gulp@^3.5.6 /Users/Patrick/Dev/P3/app
11 verbose already installed skipping gulp-sass@^0.7.1 /Users/Patrick/Dev/P3/app
12 verbose already installed skipping gulp-concat@^2.2.0 /Users/Patrick/Dev/P3/app
13 verbose already installed skipping gulp-minify-css@^0.3.0 /Users/Patrick/Dev/P3/app
14 verbose already installed skipping gulp-rename@^1.2.0 /Users/Patrick/Dev/P3/app
15 verbose cache add [ 'express@~4.4.3', null ]
16 verbose cache add name=undefined spec="express@~4.4.3" args=["express@~4.4.3",null]
17 verbose parsed url { protocol: null,
17 verbose parsed url   slashes: null,
17 verbose parsed url   auth: null,
17 verbose parsed url   host: null,
17 verbose parsed url   port: null,
17 verbose parsed url   hostname: null,
17 verbose parsed url   hash: null,
17 verbose parsed url   search: null,
17 verbose parsed url   query: null,
17 verbose parsed url   pathname: 'express@~4.4.3',
17 verbose parsed url   path: 'express@~4.4.3',
17 verbose parsed url   href: 'express@~4.4.3' }
18 verbose already installed skipping bower@^1.3.3 /Users/Patrick/Dev/P3/app
19 verbose already installed skipping gulp-util@^2.2.14 /Users/Patrick/Dev/P3/app
20 verbose cache add name="express" spec="~4.4.3" args=["express","~4.4.3"]
21 verbose parsed url { protocol: null,
21 verbose parsed url   slashes: null,
21 verbose parsed url   auth: null,
21 verbose parsed url   host: null,
21 verbose parsed url   port: null,
21 verbose parsed url   hostname: null,
21 verbose parsed url   hash: null,
21 verbose parsed url   search: null,
21 verbose parsed url   query: null,
21 verbose parsed url   pathname: '~4.4.3',
21 verbose parsed url   path: '~4.4.3',
21 verbose parsed url   href: '~4.4.3' }
22 verbose addNamed [ 'express', '~4.4.3' ]
23 verbose addNamed [ null, '>=4.4.3-0 <4.5.0-0' ]
24 verbose already installed skipping shelljs@^0.3.0 /Users/Patrick/Dev/P3/app
25 silly lockFile beff5d6e-express-4-4-3 express@~4.4.3
26 verbose lock express@~4.4.3 /Users/Patrick/.npm/beff5d6e-express-4-4-3.lock
27 silly addNameRange { name: 'express', range: '>=4.4.3-0 <4.5.0-0', hasData: false }
28 verbose request where is /express
29 verbose request registry https://registry.npmjs.org/
30 verbose request id b6547720b16985fc
31 verbose url raw /express
32 verbose url resolving [ 'https://registry.npmjs.org/', './express' ]
33 verbose url resolved https://registry.npmjs.org/express
34 verbose request where is https://registry.npmjs.org/express
35 info trying registry request attempt 1 at 14:50:54
36 verbose etag "DOUSH91BUGWJ540XUW6LDMMPW"
37 http GET https://registry.npmjs.org/express
38 http 200 https://registry.npmjs.org/express
39 silly registry.get cb [ 200,
39 silly registry.get   { date: 'Thu, 18 Dec 2014 13:50:54 GMT',
39 silly registry.get     server: 'CouchDB/1.5.0 (Erlang OTP/R16B03)',
39 silly registry.get     etag: '"40VQY3OLCDIHXALPBCO2W00J8"',
39 silly registry.get     'content-type': 'application/json',
39 silly registry.get     'cache-control': 'max-age=60',
39 silly registry.get     'content-length': '444503',
39 silly registry.get     'accept-ranges': 'bytes',
39 silly registry.get     via: '1.1 varnish',
39 silly registry.get     age: '0',
39 silly registry.get     'x-served-by': 'cache-ams4142-AMS',
39 silly registry.get     'x-cache': 'HIT',
39 silly registry.get     'x-cache-hits': '1',
39 silly registry.get     'x-timer': 'S1418910654.158527,VS0,VE655',
39 silly registry.get     vary: 'Accept',
39 silly registry.get     'keep-alive': 'timeout=10, max=50',
39 silly registry.get     connection: 'Keep-Alive' } ]
40 silly addNameRange number 2 { name: 'express', range: '>=4.4.3-0 <4.5.0-0', hasData: true }
41 silly addNameRange versions [ 'express',
41 silly addNameRange   [ '0.14.0',
41 silly addNameRange     '0.14.1',
41 silly addNameRange     '1.0.0',
41 silly addNameRange     '1.0.1',
41 silly addNameRange     '1.0.2',
41 silly addNameRange     '1.0.3',
41 silly addNameRange     '1.0.4',
41 silly addNameRange     '1.0.5',
41 silly addNameRange     '1.0.6',
41 silly addNameRange     '1.0.7',
41 silly addNameRange     '1.0.8',
41 silly addNameRange     '2.0.0',
41 silly addNameRange     '2.1.0',
41 silly addNameRange     '2.1.1',
41 silly addNameRange     '2.2.0',
41 silly addNameRange     '2.2.1',
41 silly addNameRange     '2.2.2',
41 silly addNameRange     '2.3.0',
41 silly addNameRange     '2.3.1',
41 silly addNameRange     '2.3.2',
41 silly addNameRange     '2.3.3',
41 silly addNameRange     '2.3.4',
41 silly addNameRange     '2.3.5',
41 silly addNameRange     '2.3.6',
41 silly addNameRange     '2.3.7',
41 silly addNameRange     '2.3.8',
41 silly addNameRange     '2.3.9',
41 silly addNameRange     '2.3.10',
41 silly addNameRange     '2.3.11',
41 silly addNameRange     '2.3.12',
41 silly addNameRange     '2.4.0',
41 silly addNameRange     '2.4.1',
41 silly addNameRange     '2.4.2',
41 silly addNameRange     '2.4.3',
41 silly addNameRange     '2.4.4',
41 silly addNameRange     '2.4.5',
41 silly addNameRange     '2.4.6',
41 silly addNameRange     '2.4.7',
41 silly addNameRange     '2.5.0',
41 silly addNameRange     '2.5.1',
41 silly addNameRange     '2.5.2',
41 silly addNameRange     '2.5.3',
41 silly addNameRange     '2.5.4',
41 silly addNameRange     '2.5.5',
41 silly addNameRange     '2.5.6',
41 silly addNameRange     '2.5.7',
41 silly addNameRange     '2.5.8',
41 silly addNameRange     '2.5.9',
41 silly addNameRange     '2.5.10',
41 silly addNameRange     '2.5.11',
41 silly addNameRange     '3.0.0',
41 silly addNameRange     '3.0.1',
41 silly addNameRange     '3.0.2',
41 silly addNameRange     '3.0.3',
41 silly addNameRange     '3.0.4',
41 silly addNameRange     '3.0.5',
41 silly addNameRange     '3.0.6',
41 silly addNameRange     '3.1.0',
41 silly addNameRange     '3.1.1',
41 silly addNameRange     '3.1.2',
41 silly addNameRange     '3.2.0',
41 silly addNameRange     '3.2.1',
41 silly addNameRange     '3.2.2',
41 silly addNameRange     '3.2.3',
41 silly addNameRange     '3.2.4',
41 silly addNameRange     '3.2.5',
41 silly addNameRange     '3.2.6',
41 silly addNameRange     '3.3.0',
41 silly addNameRange     '3.3.1',
41 silly addNameRange     '3.3.2',
41 silly addNameRange     '3.3.3',
41 silly addNameRange     '3.3.4',
41 silly addNameRange     '3.3.5',
41 silly addNameRange     '3.3.6',
41 silly addNameRange     '1.0.0-beta',
41 silly addNameRange     '1.0.0-beta2',
41 silly addNameRange     '1.0.0-rc',
41 silly addNameRange     '1.0.0-rc2',
41 silly addNameRange     '1.0.0-rc3',
41 silly addNameRange     '1.0.0-rc4',
41 silly addNameRange     '2.0.0-beta',
41 silly addNameRange     '2.0.0-beta2',
41 silly addNameRange     '2.0.0-beta3',
41 silly addNameRange     '2.0.0-rc',
41 silly addNameRange     '2.0.0-rc2',
41 silly addNameRange     '2.0.0-rc3',
41 silly addNameRange     '3.0.0-alpha1',
41 silly addNameRange     '3.0.0-alpha2',
41 silly addNameRange     '3.0.0-alpha3',
41 silly addNameRange     '3.0.0-alpha4',
41 silly addNameRange     '3.0.0-alpha5',
41 silly addNameRange     '3.0.0-beta1',
41 silly addNameRange     '3.0.0-beta2',
41 silly addNameRange     '3.0.0-beta3',
41 silly addNameRange     '3.0.0-beta4',
41 silly addNameRange     '3.0.0-beta6',
41 silly addNameRange     '3.0.0-beta7',
41 silly addNameRange     '3.0.0-rc1',
41 silly addNameRange     '3.0.0-rc2',
41 silly addNameRange     '3.0.0-rc3',
41 silly addNameRange     '3.0.0-rc4',
41 silly addNameRange     '3.0.0-rc5',
41 silly addNameRange     '3.3.7',
41 silly addNameRange     '3.3.8',
41 silly addNameRange     '3.4.0',
41 silly addNameRange     '3.4.1',
41 silly addNameRange     '3.4.2',
41 silly addNameRange     '3.4.3',
41 silly addNameRange     '3.4.4',
41 silly addNameRange     '3.4.5',
41 silly addNameRange     '3.4.6',
41 silly addNameRange     '3.4.7',
41 silly addNameRange     '3.4.8',
41 silly addNameRange     '4.0.0-rc1',
41 silly addNameRange     '4.0.0-rc2',
41 silly addNameRange     '3.5.0',
41 silly addNameRange     '4.0.0-rc3',
41 silly addNameRange     '4.0.0-rc4',
41 silly addNameRange     '3.5.1',
41 silly addNameRange     '4.0.0',
41 silly addNameRange     '3.5.2',
41 silly addNameRange     '4.1.0',
41 silly addNameRange     '4.1.1',
41 silly addNameRange     '3.5.3',
41 silly addNameRange     '4.1.2',
41 silly addNameRange     '3.6.0',
41 silly addNameRange     '4.2.0',
41 silly addNameRange     '3.7.0',
41 silly addNameRange     '3.8.0',
41 silly addNameRange     '4.3.0',
41 silly addNameRange     '4.3.1',
41 silly addNameRange     '3.8.1',
41 silly addNameRange     '4.3.2',
41 silly addNameRange     '3.9.0',
41 silly addNameRange     '4.4.0',
41 silly addNameRange     '4.4.1',
41 silly addNameRange     '3.10.0',
41 silly addNameRange     '3.10.1',
41 silly addNameRange     '3.10.2',
41 silly addNameRange     '3.10.3',
41 silly addNameRange     '3.10.4',
41 silly addNameRange     '4.4.2',
41 silly addNameRange     '3.10.5',
41 silly addNameRange     '4.4.3',
41 silly addNameRange     '3.11.0',
41 silly addNameRange     '4.4.4',
41 silly addNameRange     '3.12.0',
41 silly addNameRange     '3.12.1',
41 silly addNameRange     '4.4.5',
41 silly addNameRange     '3.13.0',
41 silly addNameRange     '4.5.0',
41 silly addNameRange     '4.5.1',
41 silly addNameRange     '3.14.0',
41 silly addNameRange     '4.6.0',
41 silly addNameRange     '4.6.1',
41 silly addNameRange     '3.15.0',
41 silly addNameRange     '4.7.0',
41 silly addNameRange     '3.15.1',
41 silly addNameRange     '4.7.1',
41 silly addNameRange     '3.15.2',
41 silly addNameRange     '4.7.2',
41 silly addNameRange     '4.7.3',
41 silly addNameRange     '3.15.3',
41 silly addNameRange     '4.7.4',
41 silly addNameRange     '3.16.0',
41 silly addNameRange     '4.8.0',
41 silly addNameRange     '3.16.1',
41 silly addNameRange     '4.8.1',
41 silly addNameRange     '3.16.2',
41 silly addNameRange     '4.8.2',
41 silly addNameRange     '3.16.3',
41 silly addNameRange     '3.16.4',
41 silly addNameRange     '4.8.3',
41 silly addNameRange     '3.16.5',
41 silly addNameRange     '3.16.6',
41 silly addNameRange     '4.8.4',
41 silly addNameRange     '3.16.7',
41 silly addNameRange     '4.8.5',
41 silly addNameRange     '3.16.8',
41 silly addNameRange     '4.8.6',
41 silly addNameRange     '3.16.9',
41 silly addNameRange     '4.8.7',
41 silly addNameRange     '3.16.10',
41 silly addNameRange     '4.8.8',
41 silly addNameRange     '3.17.0',
41 silly addNameRange     '3.17.1',
41 silly addNameRange     '4.9.0',
41 silly addNameRange     '3.17.2',
41 silly addNameRange     '4.9.1',
41 silly addNameRange     '4.9.2',
41 silly addNameRange     '3.17.3',
41 silly addNameRange     '4.9.3',
41 silly addNameRange     '3.17.4',
41 silly addNameRange     '4.9.4',
41 silly addNameRange     '3.17.5',
41 silly addNameRange     '4.9.5',
41 silly addNameRange     '3.17.6',
41 silly addNameRange     '3.17.7',
41 silly addNameRange     '4.9.6',
41 silly addNameRange     '4.9.7',
41 silly addNameRange     '3.17.8',
41 silly addNameRange     '4.9.8',
41 silly addNameRange     '3.18.0',
41 silly addNameRange     '3.18.1',
41 silly addNameRange     '4.10.0',
41 silly addNameRange     '3.18.2',
41 silly addNameRange     '4.10.1',
41 silly addNameRange     '5.0.0-alpha.1',
41 silly addNameRange     '3.18.3',
41 silly addNameRange     '4.10.2',
41 silly addNameRange     '3.18.4',
41 silly addNameRange     '4.10.3',
41 silly addNameRange     '4.10.4',
41 silly addNameRange     '4.10.5',
41 silly addNameRange     '3.18.5',
41 silly addNameRange     '3.18.6',
41 silly addNameRange     '4.10.6' ] ]
42 verbose addNamed [ 'express', '4.4.5' ]
43 verbose addNamed [ '4.4.5', '4.4.5' ]
44 silly lockFile 21b298cd-express-4-4-5 express@4.4.5
45 verbose lock express@4.4.5 /Users/Patrick/.npm/21b298cd-express-4-4-5.lock
46 silly lockFile d0dc81d3-js-org-express-express-4-4-5-tgz https://registry.npmjs.org/express/-/express-4.4.5.tgz
47 verbose lock https://registry.npmjs.org/express/-/express-4.4.5.tgz /Users/Patrick/.npm/d0dc81d3-js-org-express-express-4-4-5-tgz.lock
48 verbose addRemoteTarball [ 'https://registry.npmjs.org/express/-/express-4.4.5.tgz',
48 verbose addRemoteTarball   '5f2f302f277187abd721c3a36e44d86c5e3f03eb' ]
49 info retry fetch attempt 1 at 14:50:55
50 verbose fetch to= /var/folders/rc/y61ykdhx3d90n7x90wl_9bkm0000gn/T/npm-73675-cNMxzbcv/registry.npmjs.org/express/-/express-4.4.5.tgz
51 http GET https://registry.npmjs.org/express/-/express-4.4.5.tgz
52 http 200 https://registry.npmjs.org/express/-/express-4.4.5.tgz
53 silly lockFile d0dc81d3-js-org-express-express-4-4-5-tgz https://registry.npmjs.org/express/-/express-4.4.5.tgz
54 silly lockFile d0dc81d3-js-org-express-express-4-4-5-tgz https://registry.npmjs.org/express/-/express-4.4.5.tgz
55 silly lockFile 21b298cd-express-4-4-5 express@4.4.5
56 silly lockFile 21b298cd-express-4-4-5 express@4.4.5
57 silly lockFile beff5d6e-express-4-4-3 express@~4.4.3
58 silly lockFile beff5d6e-express-4-4-3 express@~4.4.3
59 error Error: EACCES, mkdir '/Users/Patrick/.npm/express/4.4.5'
59 error  { [Error: EACCES, mkdir '/Users/Patrick/.npm/express/4.4.5']
59 error   errno: 3,
59 error   code: 'EACCES',
59 error   path: '/Users/Patrick/.npm/express/4.4.5',
59 error   parent: 'myapp' }
60 error Please try running this command again as root/Administrator.
61 error System Darwin 14.0.0
62 error command "node" "/usr/local/bin/npm" "install"
63 error cwd /Users/Patrick/Dev/P3/app
64 error node -v v0.10.32
65 error npm -v 1.4.28
66 error path /Users/Patrick/.npm/express/4.4.5
67 error code EACCES
68 error errno 3
69 error stack Error: EACCES, mkdir '/Users/Patrick/.npm/express/4.4.5'
70 verbose exit [ 3, true ]
